<?xml version="1.0" encoding="UTF-8"?>
<!-- Generated by org.testng.reporters.JUnitReportReporter -->
<testsuite skipped="0" hostname="LAPTOP-96JPVRQF" name="com.aaa.qa.testcases.TraditionalTermQuoteTest" tests="2" failures="0" timestamp="2020-07-02T19:14:02 EDT" time="87.429" errors="0">
  <testcase name="ValidateTTQuoteTest" time="66.413" classname="com.aaa.qa.testcases.TraditionalTermQuoteTest"/>
  <system-out/>
  <testcase name="ValidateTTQuoteTest" time="21.016" classname="com.aaa.qa.testcases.TraditionalTermQuoteTest"/>
  <system-out/>
</testsuite> <!-- com.aaa.qa.testcases.TraditionalTermQuoteTest -->
